[01m[K/root/projects/door_ws/src/door_cghr/src/run_RobotDriver.cpp:1:10:[m[K [01;31m[Kfatal error: [m[Kelevator_pkg/RobotDriver.h: No such file or directory
 #include [01;31m[K<elevator_pkg/RobotDriver.h>[m[K
          [01;31m[K^~~~~~~~~~~~~~~~~~~~~~~~~~~~[m[K
compilation terminated.
make[2]: *** [CMakeFiles/robot_driver.dir/src/run_RobotDriver.cpp.o] Error 1
make[2]: *** Waiting for unfinished jobs....
make[1]: *** [CMakeFiles/robot_driver.dir/all] Error 2
make: *** [all] Error 2
